<?xml version="1.0" encoding="UTF-8"?>
<!-- Generated by org.testng.reporters.JUnitReportReporter -->
<testsuite hostname="MSI" failures="0" tests="2" name="com.automation.tests.LoginTest" time="11.556" errors="0" timestamp="25 Jun 2022 01:55:53 GMT">
  <testcase classname="com.automation.tests.LoginTest" name="verifyUserCanLogin" time="7.627"/>
  <testcase classname="com.automation.tests.LoginTest" name="verifyUserCanLogout" time="3.929"/>
</testsuite> <!-- com.automation.tests.LoginTest -->
